<?xml version="1.0" encoding="UTF-8"?>
<!-- Generated by org.testng.reporters.JUnitReportReporter -->
<testsuite hostname="ind496" name="TestCases.LoginApplication" tests="1" failures="0" timestamp="8 Nov 2017 08:56:52 GMT" time="20.340" errors="0">
  <testcase name="login" time="20.340" classname="TestCases.LoginApplication"/>
</testsuite> <!-- TestCases.LoginApplication -->
